<?xml version="1.0" encoding="UTF-8"?>
<testsuite name="com.ds.niflers.NiflersApplicationTests" tests="1" skipped="0" failures="0" errors="0" timestamp="2025-02-13T10:33:19" hostname="GAHYEONui-MacBookAir.local" time="0.289">
  <properties/>
  <testcase name="contextLoads()" classname="com.ds.niflers.NiflersApplicationTests" time="0.289"/>
  <system-out><![CDATA[19:33:17.658 [Test worker] INFO org.springframework.test.context.support.AnnotationConfigContextLoaderUtils -- Could not detect default configuration classes for test class [com.ds.niflers.NiflersApplicationTests]: NiflersApplicationTests does not declare any static, non-private, non-final, nested classes annotated with @Configuration.
19:33:17.707 [Test worker] INFO org.springframework.boot.test.context.SpringBootTestContextBootstrapper -- Found @SpringBootConfiguration com.ds.niflers.NiflersApplication for test class com.ds.niflers.NiflersApplicationTests

  .   ____          _            __ _ _
 /\\ / ___'_ __ _ _(_)_ __  __ _ \ \ \ \
( ( )\___ | '_ | '_| | '_ \/ _` | \ \ \ \
 \\/  ___)| |_)| | | | | || (_| |  ) ) ) )
  '  |____| .__|_| |_|_| |_\__, | / / / /
 =========|_|==============|___/=/_/_/_/

 :: Spring Boot ::                (v3.4.1)

2025-02-13T19:33:17.891+09:00  INFO 22874 --- [niflers] [    Test worker] com.ds.niflers.NiflersApplicationTests   : Starting NiflersApplicationTests using Java 17.0.13 with PID 22874 (started by gahyeonhong in /Users/datasoltion/climate-spring)
2025-02-13T19:33:17.892+09:00  INFO 22874 --- [niflers] [    Test worker] com.ds.niflers.NiflersApplicationTests   : No active profile set, falling back to 1 default profile: "default"
2025-02-13T19:33:18.234+09:00  INFO 22874 --- [niflers] [    Test worker] .s.d.r.c.RepositoryConfigurationDelegate : Multiple Spring Data modules found, entering strict repository configuration mode
2025-02-13T19:33:18.235+09:00  INFO 22874 --- [niflers] [    Test worker] .s.d.r.c.RepositoryConfigurationDelegate : Bootstrapping Spring Data JPA repositories in DEFAULT mode.
2025-02-13T19:33:18.323+09:00  INFO 22874 --- [niflers] [    Test worker] .s.d.r.c.RepositoryConfigurationDelegate : Finished Spring Data repository scanning in 82 ms. Found 3 JPA repository interfaces.
2025-02-13T19:33:18.334+09:00  INFO 22874 --- [niflers] [    Test worker] .s.d.r.c.RepositoryConfigurationDelegate : Multiple Spring Data modules found, entering strict repository configuration mode
2025-02-13T19:33:18.334+09:00  INFO 22874 --- [niflers] [    Test worker] .s.d.r.c.RepositoryConfigurationDelegate : Bootstrapping Spring Data Redis repositories in DEFAULT mode.
2025-02-13T19:33:18.341+09:00  INFO 22874 --- [niflers] [    Test worker] .RepositoryConfigurationExtensionSupport : Spring Data Redis - Could not safely identify store assignment for repository candidate interface com.ds.niflers.repository.FileUploadRepository; If you want this repository to be a Redis repository, consider annotating your entities with one of these annotations: org.springframework.data.redis.core.RedisHash (preferred), or consider extending one of the following types with your repository: org.springframework.data.keyvalue.repository.KeyValueRepository
2025-02-13T19:33:18.342+09:00  INFO 22874 --- [niflers] [    Test worker] .RepositoryConfigurationExtensionSupport : Spring Data Redis - Could not safely identify store assignment for repository candidate interface com.ds.niflers.repository.MemberRepository; If you want this repository to be a Redis repository, consider annotating your entities with one of these annotations: org.springframework.data.redis.core.RedisHash (preferred), or consider extending one of the following types with your repository: org.springframework.data.keyvalue.repository.KeyValueRepository
2025-02-13T19:33:18.342+09:00  INFO 22874 --- [niflers] [    Test worker] .RepositoryConfigurationExtensionSupport : Spring Data Redis - Could not safely identify store assignment for repository candidate interface com.ds.niflers.repository.RegulatoryTrendRepository; If you want this repository to be a Redis repository, consider annotating your entities with one of these annotations: org.springframework.data.redis.core.RedisHash (preferred), or consider extending one of the following types with your repository: org.springframework.data.keyvalue.repository.KeyValueRepository
2025-02-13T19:33:18.342+09:00  INFO 22874 --- [niflers] [    Test worker] .s.d.r.c.RepositoryConfigurationDelegate : Finished Spring Data repository scanning in 3 ms. Found 0 Redis repository interfaces.
2025-02-13T19:33:18.570+09:00  INFO 22874 --- [niflers] [    Test worker] o.hibernate.jpa.internal.util.LogHelper  : HHH000204: Processing PersistenceUnitInfo [name: default]
2025-02-13T19:33:18.596+09:00  INFO 22874 --- [niflers] [    Test worker] org.hibernate.Version                    : HHH000412: Hibernate ORM core version 6.6.4.Final
2025-02-13T19:33:18.609+09:00  INFO 22874 --- [niflers] [    Test worker] o.h.c.internal.RegionFactoryInitiator    : HHH000026: Second-level cache disabled
2025-02-13T19:33:18.720+09:00  INFO 22874 --- [niflers] [    Test worker] o.s.o.j.p.SpringPersistenceUnitInfo      : No LoadTimeWeaver setup: ignoring JPA class transformer
2025-02-13T19:33:18.731+09:00  INFO 22874 --- [niflers] [    Test worker] com.zaxxer.hikari.HikariDataSource       : HikariPool-1 - Starting...
2025-02-13T19:33:18.861+09:00  INFO 22874 --- [niflers] [    Test worker] com.zaxxer.hikari.pool.HikariPool        : HikariPool-1 - Added connection org.postgresql.jdbc.PgConnection@431babe6
2025-02-13T19:33:18.861+09:00  INFO 22874 --- [niflers] [    Test worker] com.zaxxer.hikari.HikariDataSource       : HikariPool-1 - Start completed.
2025-02-13T19:33:18.880+09:00  WARN 22874 --- [niflers] [    Test worker] org.hibernate.orm.deprecation            : HHH90000025: PostgreSQLDialect does not need to be specified explicitly using 'hibernate.dialect' (remove the property setting and it will be selected by default)
2025-02-13T19:33:18.897+09:00  INFO 22874 --- [niflers] [    Test worker] org.hibernate.orm.connections.pooling    : HHH10001005: Database info:
	Database JDBC URL [Connecting through datasource 'HikariDataSource (HikariPool-1)']
	Database driver: undefined/unknown
	Database version: 13.7
	Autocommit mode: undefined/unknown
	Isolation level: undefined/unknown
	Minimum pool size: undefined/unknown
	Maximum pool size: undefined/unknown
2025-02-13T19:33:19.291+09:00  INFO 22874 --- [niflers] [    Test worker] o.h.e.t.j.p.i.JtaPlatformInitiator       : HHH000489: No JTA platform available (set 'hibernate.transaction.jta.platform' to enable JTA platform integration)
2025-02-13T19:33:19.326+09:00  INFO 22874 --- [niflers] [    Test worker] j.LocalContainerEntityManagerFactoryBean : Initialized JPA EntityManagerFactory for persistence unit 'default'
2025-02-13T19:33:19.657+09:00  WARN 22874 --- [niflers] [    Test worker] JpaBaseConfiguration$JpaWebConfiguration : spring.jpa.open-in-view is enabled by default. Therefore, database queries may be performed during view rendering. Explicitly configure spring.jpa.open-in-view to disable this warning
2025-02-13T19:33:19.878+09:00  INFO 22874 --- [niflers] [    Test worker] com.ds.niflers.NiflersApplicationTests   : Started NiflersApplicationTests in 2.099 seconds (process running for 2.653)
]]></system-out>
  <system-err><![CDATA[]]></system-err>
</testsuite>
